==55775== Memcheck, a memory error detector
==55775== Copyright (C) 2002-2017, and GNU GPL'd, by Julian Seward et al.
==55775== Using Valgrind-3.18.1 and LibVEX; rerun with -h for copyright info
==55775== Command: ./cub3d maps/map1.cub
==55775== Parent PID: 53480
==55775== 
==55775== Invalid read of size 1
==55775==    at 0x403155: draw_radar_circle (main.c:542)
==55775==    by 0x402D6B: draw_loop (main.c:252)
==55775==    by 0x40980C: mlx_loop (in /home/mgavorni/Student/cub3d/cub3d)
==55775==    by 0x403F50: main (main.c:640)
==55775==  Address 0x1 is not stack'd, malloc'd or (recently) free'd
==55775== 
==55775== 
==55775== Process terminating with default action of signal 11 (SIGSEGV)
==55775==  Access not within mapped region at address 0x1
==55775==    at 0x403155: draw_radar_circle (main.c:542)
==55775==    by 0x402D6B: draw_loop (main.c:252)
==55775==    by 0x40980C: mlx_loop (in /home/mgavorni/Student/cub3d/cub3d)
==55775==    by 0x403F50: main (main.c:640)
==55775==  If you believe this happened as a result of a stack
==55775==  overflow in your program's main thread (unlikely but
==55775==  possible), you can try to increase the size of the
==55775==  main thread stack using the --main-stacksize= flag.
==55775==  The main thread stack size used in this run was 8388608.
==55775== 
==55775== HEAP SUMMARY:
==55775==     in use at exit: 102,111 bytes in 99 blocks
==55775==   total heap usage: 1,542 allocs, 1,443 frees, 1,190,291 bytes allocated
==55775== 
==55775== 3 bytes in 1 blocks are still reachable in loss record 1 of 63
==55775==    at 0x4848899: malloc (in /usr/libexec/valgrind/vgpreload_memcheck-amd64-linux.so)
==55775==    by 0x4B7358E: strdup (strdup.c:42)
==55775==    by 0x48B5B45: XOpenDisplay (in /usr/lib/x86_64-linux-gnu/libX11.so.6.4.0)
==55775==    by 0x409437: mlx_init (in /home/mgavorni/Student/cub3d/cub3d)
==55775==    by 0x403D62: init_mlx (main.c:458)
==55775==    by 0x403EF0: main (main.c:633)
==55775== 
==55775== 8 bytes in 1 blocks are still reachable in loss record 2 of 63
==55775==    at 0x4848899: malloc (in /usr/libexec/valgrind/vgpreload_memcheck-amd64-linux.so)
==55775==    by 0x4B7358E: strdup (strdup.c:42)
==55775==    by 0x48B29AE: XInitExtension (in /usr/lib/x86_64-linux-gnu/libX11.so.6.4.0)
==55775==    by 0x4877820: XextAddDisplay (in /usr/lib/x86_64-linux-gnu/libXext.so.6.4.0)
==55775==    by 0x487C9E2: XShmQueryVersion (in /usr/lib/x86_64-linux-gnu/libXext.so.6.4.0)
==55775==    by 0x409273: mlx_int_deal_shm (in /home/mgavorni/Student/cub3d/cub3d)
==55775==    by 0x4094F1: mlx_init (in /home/mgavorni/Student/cub3d/cub3d)
==55775==    by 0x403D62: init_mlx (main.c:458)
==55775==    by 0x403EF0: main (main.c:633)
==55775== 
==55775== 8 bytes in 1 blocks are still reachable in loss record 3 of 63
==55775==    at 0x4848899: malloc (in /usr/libexec/valgrind/vgpreload_memcheck-amd64-linux.so)
==55775==    by 0x4875B34: ??? (in /usr/lib/x86_64-linux-gnu/libXext.so.6.4.0)
==55775==    by 0x48779DF: XextAddDisplay (in /usr/lib/x86_64-linux-gnu/libXext.so.6.4.0)
==55775==    by 0x487C9E2: XShmQueryVersion (in /usr/lib/x86_64-linux-gnu/libXext.so.6.4.0)
==55775==    by 0x409273: mlx_int_deal_shm (in /home/mgavorni/Student/cub3d/cub3d)
==55775==    by 0x4094F1: mlx_init (in /home/mgavorni/Student/cub3d/cub3d)
==55775==    by 0x403D62: init_mlx (main.c:458)
==55775==    by 0x403EF0: main (main.c:633)
==55775== 
==55775== 10 bytes in 1 blocks are still reachable in loss record 4 of 63
==55775==    at 0x4848899: malloc (in /usr/libexec/valgrind/vgpreload_memcheck-amd64-linux.so)
==55775==    by 0x4B7358E: strdup (strdup.c:42)
==55775==    by 0x48B29AE: XInitExtension (in /usr/lib/x86_64-linux-gnu/libX11.so.6.4.0)
==55775==    by 0x491C213: XkbUseExtension (in /usr/lib/x86_64-linux-gnu/libX11.so.6.4.0)
==55775==    by 0x48B66A8: XOpenDisplay (in /usr/lib/x86_64-linux-gnu/libX11.so.6.4.0)
==55775==    by 0x409437: mlx_init (in /home/mgavorni/Student/cub3d/cub3d)
==55775==    by 0x403D62: init_mlx (main.c:458)
==55775==    by 0x403EF0: main (main.c:633)
==55775== 
==55775== 16 bytes in 1 blocks are still reachable in loss record 5 of 63
==55775==    at 0x4848899: malloc (in /usr/libexec/valgrind/vgpreload_memcheck-amd64-linux.so)
==55775==    by 0x403BBC: protected_malloc (main.c:422)
==55775==    by 0x403CBB: init_game_data (main.c:442)
==55775==    by 0x403EA5: main (main.c:627)
==55775== 
==55775== 16 bytes in 1 blocks are still reachable in loss record 6 of 63
==55775==    at 0x4848899: malloc (in /usr/libexec/valgrind/vgpreload_memcheck-amd64-linux.so)
==55775==    by 0x4D032EE: xcb_connect_to_fd (in /usr/lib/x86_64-linux-gnu/libxcb.so.1.1.0)
==55775==    by 0x4D03E6B: xcb_connect_to_display_with_auth_info (in /usr/lib/x86_64-linux-gnu/libxcb.so.1.1.0)
==55775==    by 0x48C5EE9: _XConnectXCB (in /usr/lib/x86_64-linux-gnu/libX11.so.6.4.0)
==55775==    by 0x48B5B68: XOpenDisplay (in /usr/lib/x86_64-linux-gnu/libX11.so.6.4.0)
==55775==    by 0x409437: mlx_init (in /home/mgavorni/Student/cub3d/cub3d)
==55775==    by 0x403D62: init_mlx (main.c:458)
==55775==    by 0x403EF0: main (main.c:633)
==55775== 
==55775== 20 bytes in 1 blocks are still reachable in loss record 7 of 63
==55775==    at 0x4848899: malloc (in /usr/libexec/valgrind/vgpreload_memcheck-amd64-linux.so)
==55775==    by 0x403C44: protected_malloc (main.c:430)
==55775==    by 0x403CBB: init_game_data (main.c:442)
==55775==    by 0x403EA5: main (main.c:627)
==55775== 
==55775== 21 bytes in 1 blocks are still reachable in loss record 8 of 63
==55775==    at 0x4848899: malloc (in /usr/libexec/valgrind/vgpreload_memcheck-amd64-linux.so)
==55775==    by 0x48B603E: XOpenDisplay (in /usr/lib/x86_64-linux-gnu/libX11.so.6.4.0)
==55775==    by 0x409437: mlx_init (in /home/mgavorni/Student/cub3d/cub3d)
==55775==    by 0x403D62: init_mlx (main.c:458)
==55775==    by 0x403EF0: main (main.c:633)
==55775== 
==55775== 24 bytes in 1 blocks are still reachable in loss record 9 of 63
==55775==    at 0x4848899: malloc (in /usr/libexec/valgrind/vgpreload_memcheck-amd64-linux.so)
==55775==    by 0x4877041: XextCreateExtension (in /usr/lib/x86_64-linux-gnu/libXext.so.6.4.0)
==55775==    by 0x48774CC: ??? (in /usr/lib/x86_64-linux-gnu/libXext.so.6.4.0)
==55775==    by 0x48779C8: XextAddDisplay (in /usr/lib/x86_64-linux-gnu/libXext.so.6.4.0)
==55775==    by 0x487C9E2: XShmQueryVersion (in /usr/lib/x86_64-linux-gnu/libXext.so.6.4.0)
==55775==    by 0x409273: mlx_int_deal_shm (in /home/mgavorni/Student/cub3d/cub3d)
==55775==    by 0x4094F1: mlx_init (in /home/mgavorni/Student/cub3d/cub3d)
==55775==    by 0x403D62: init_mlx (main.c:458)
==55775==    by 0x403EF0: main (main.c:633)
==55775== 
==55775== 24 bytes in 1 blocks are still reachable in loss record 10 of 63
==55775==    at 0x4848899: malloc (in /usr/libexec/valgrind/vgpreload_memcheck-amd64-linux.so)
==55775==    by 0x4B7358E: strdup (strdup.c:42)
==55775==    by 0x48B29AE: XInitExtension (in /usr/lib/x86_64-linux-gnu/libX11.so.6.4.0)
==55775==    by 0x4877820: XextAddDisplay (in /usr/lib/x86_64-linux-gnu/libXext.so.6.4.0)
==55775==    by 0x487750A: ??? (in /usr/lib/x86_64-linux-gnu/libXext.so.6.4.0)
==55775==    by 0x48779C8: XextAddDisplay (in /usr/lib/x86_64-linux-gnu/libXext.so.6.4.0)
==55775==    by 0x487C9E2: XShmQueryVersion (in /usr/lib/x86_64-linux-gnu/libXext.so.6.4.0)
==55775==    by 0x409273: mlx_int_deal_shm (in /home/mgavorni/Student/cub3d/cub3d)
==55775==    by 0x4094F1: mlx_init (in /home/mgavorni/Student/cub3d/cub3d)
==55775==    by 0x403D62: init_mlx (main.c:458)
==55775==    by 0x403EF0: main (main.c:633)
==55775== 
==55775== 24 bytes in 1 blocks are still reachable in loss record 11 of 63
==55775==    at 0x4848899: malloc (in /usr/libexec/valgrind/vgpreload_memcheck-amd64-linux.so)
==55775==    by 0x48779F5: XextAddDisplay (in /usr/lib/x86_64-linux-gnu/libXext.so.6.4.0)
==55775==    by 0x487C9E2: XShmQueryVersion (in /usr/lib/x86_64-linux-gnu/libXext.so.6.4.0)
==55775==    by 0x409273: mlx_int_deal_shm (in /home/mgavorni/Student/cub3d/cub3d)
==55775==    by 0x4094F1: mlx_init (in /home/mgavorni/Student/cub3d/cub3d)
==55775==    by 0x403D62: init_mlx (main.c:458)
==55775==    by 0x403EF0: main (main.c:633)
==55775== 
==55775== 24 bytes in 1 blocks are still reachable in loss record 12 of 63
==55775==    at 0x4848899: malloc (in /usr/libexec/valgrind/vgpreload_memcheck-amd64-linux.so)
==55775==    by 0x48C3A65: ??? (in /usr/lib/x86_64-linux-gnu/libX11.so.6.4.0)
==55775==    by 0x48CC2C6: _XReply (in /usr/lib/x86_64-linux-gnu/libX11.so.6.4.0)
==55775==    by 0x48CC77E: XSync (in /usr/lib/x86_64-linux-gnu/libX11.so.6.4.0)
==55775==    by 0x4097F7: mlx_loop (in /home/mgavorni/Student/cub3d/cub3d)
==55775==    by 0x403F50: main (main.c:640)
==55775== 
==55775== 29 bytes in 1 blocks are still reachable in loss record 13 of 63
==55775==    at 0x4848899: malloc (in /usr/libexec/valgrind/vgpreload_memcheck-amd64-linux.so)
==55775==    by 0x48AF0CD: _XUpdateAtomCache (in /usr/lib/x86_64-linux-gnu/libX11.so.6.4.0)
==55775==    by 0x48B1929: XInternAtom (in /usr/lib/x86_64-linux-gnu/libX11.so.6.4.0)
==55775==    by 0x4094E2: mlx_init (in /home/mgavorni/Student/cub3d/cub3d)
==55775==    by 0x403D62: init_mlx (main.c:458)
==55775==    by 0x403EF0: main (main.c:633)
==55775== 
==55775== 32 bytes in 1 blocks are still reachable in loss record 14 of 63
==55775==    at 0x48487A9: malloc (in /usr/libexec/valgrind/vgpreload_memcheck-amd64-linux.so)
==55775==    by 0x4D0715E: ??? (in /usr/lib/x86_64-linux-gnu/libxcb.so.1.1.0)
==55775==    by 0x4D07237: xcb_get_extension_data (in /usr/lib/x86_64-linux-gnu/libxcb.so.1.1.0)
==55775==    by 0x4D072EE: xcb_prefetch_maximum_request_length (in /usr/lib/x86_64-linux-gnu/libxcb.so.1.1.0)
==55775==    by 0x4D07364: xcb_get_maximum_request_length (in /usr/lib/x86_64-linux-gnu/libxcb.so.1.1.0)
==55775==    by 0x48B652B: XOpenDisplay (in /usr/lib/x86_64-linux-gnu/libX11.so.6.4.0)
==55775==    by 0x409437: mlx_init (in /home/mgavorni/Student/cub3d/cub3d)
==55775==    by 0x403D62: init_mlx (main.c:458)
==55775==    by 0x403EF0: main (main.c:633)
==55775== 
==55775== 32 bytes in 1 blocks are still reachable in loss record 15 of 63
==55775==    at 0x4848899: malloc (in /usr/libexec/valgrind/vgpreload_memcheck-amd64-linux.so)
==55775==    by 0x4D001B7: ??? (in /usr/lib/x86_64-linux-gnu/libxcb.so.1.1.0)
==55775==    by 0x4D00A08: ??? (in /usr/lib/x86_64-linux-gnu/libxcb.so.1.1.0)
==55775==    by 0x4D00EB0: ??? (in /usr/lib/x86_64-linux-gnu/libxcb.so.1.1.0)
==55775==    by 0x4D01E44: xcb_wait_for_reply (in /usr/lib/x86_64-linux-gnu/libxcb.so.1.1.0)
==55775==    by 0x4D07292: xcb_get_extension_data (in /usr/lib/x86_64-linux-gnu/libxcb.so.1.1.0)
==55775==    by 0x4D072EE: xcb_prefetch_maximum_request_length (in /usr/lib/x86_64-linux-gnu/libxcb.so.1.1.0)
==55775==    by 0x4D07364: xcb_get_maximum_request_length (in /usr/lib/x86_64-linux-gnu/libxcb.so.1.1.0)
==55775==    by 0x48B652B: XOpenDisplay (in /usr/lib/x86_64-linux-gnu/libX11.so.6.4.0)
==55775==    by 0x409437: mlx_init (in /home/mgavorni/Student/cub3d/cub3d)
==55775==    by 0x403D62: init_mlx (main.c:458)
==55775==    by 0x403EF0: main (main.c:633)
==55775== 
==55775== 32 bytes in 1 blocks are still reachable in loss record 16 of 63
==55775==    at 0x4848899: malloc (in /usr/libexec/valgrind/vgpreload_memcheck-amd64-linux.so)
==55775==    by 0x48777FF: XextAddDisplay (in /usr/lib/x86_64-linux-gnu/libXext.so.6.4.0)
==55775==    by 0x487C9E2: XShmQueryVersion (in /usr/lib/x86_64-linux-gnu/libXext.so.6.4.0)
==55775==    by 0x409273: mlx_int_deal_shm (in /home/mgavorni/Student/cub3d/cub3d)
==55775==    by 0x4094F1: mlx_init (in /home/mgavorni/Student/cub3d/cub3d)
==55775==    by 0x403D62: init_mlx (main.c:458)
==55775==    by 0x403EF0: main (main.c:633)
==55775== 
==55775== 32 bytes in 1 blocks are still reachable in loss record 17 of 63
==55775==    at 0x4848899: malloc (in /usr/libexec/valgrind/vgpreload_memcheck-amd64-linux.so)
==55775==    by 0x48777FF: XextAddDisplay (in /usr/lib/x86_64-linux-gnu/libXext.so.6.4.0)
==55775==    by 0x487750A: ??? (in /usr/lib/x86_64-linux-gnu/libXext.so.6.4.0)
==55775==    by 0x48779C8: XextAddDisplay (in /usr/lib/x86_64-linux-gnu/libXext.so.6.4.0)
==55775==    by 0x487C9E2: XShmQueryVersion (in /usr/lib/x86_64-linux-gnu/libXext.so.6.4.0)
==55775==    by 0x409273: mlx_int_deal_shm (in /home/mgavorni/Student/cub3d/cub3d)
==55775==    by 0x4094F1: mlx_init (in /home/mgavorni/Student/cub3d/cub3d)
==55775==    by 0x403D62: init_mlx (main.c:458)
==55775==    by 0x403EF0: main (main.c:633)
==55775== 
==55775== 33 bytes in 1 blocks are still reachable in loss record 18 of 63
==55775==    at 0x4848899: malloc (in /usr/libexec/valgrind/vgpreload_memcheck-amd64-linux.so)
==55775==    by 0x48AF0CD: _XUpdateAtomCache (in /usr/lib/x86_64-linux-gnu/libX11.so.6.4.0)
==55775==    by 0x48B1929: XInternAtom (in /usr/lib/x86_64-linux-gnu/libX11.so.6.4.0)
==55775==    by 0x4094CB: mlx_init (in /home/mgavorni/Student/cub3d/cub3d)
==55775==    by 0x403D62: init_mlx (main.c:458)
==55775==    by 0x403EF0: main (main.c:633)
==55775== 
==55775== 40 bytes in 1 blocks are still reachable in loss record 19 of 63
==55775==    at 0x4848899: malloc (in /usr/libexec/valgrind/vgpreload_memcheck-amd64-linux.so)
==55775==    by 0x48C61F1: _XPollfdCacheInit (in /usr/lib/x86_64-linux-gnu/libX11.so.6.4.0)
==55775==    by 0x48B5E71: XOpenDisplay (in /usr/lib/x86_64-linux-gnu/libX11.so.6.4.0)
==55775==    by 0x409437: mlx_init (in /home/mgavorni/Student/cub3d/cub3d)
==55775==    by 0x403D62: init_mlx (main.c:458)
==55775==    by 0x403EF0: main (main.c:633)
==55775== 
==55775== 48 bytes in 1 blocks are still reachable in loss record 20 of 63
==55775==    at 0x4848899: malloc (in /usr/libexec/valgrind/vgpreload_memcheck-amd64-linux.so)
==55775==    by 0x48C5E71: _XConnectXCB (in /usr/lib/x86_64-linux-gnu/libX11.so.6.4.0)
==55775==    by 0x48B5B68: XOpenDisplay (in /usr/lib/x86_64-linux-gnu/libX11.so.6.4.0)
==55775==    by 0x409437: mlx_init (in /home/mgavorni/Student/cub3d/cub3d)
==55775==    by 0x403D62: init_mlx (main.c:458)
==55775==    by 0x403EF0: main (main.c:633)
==55775== 
==55775== 48 bytes in 1 blocks are still reachable in loss record 21 of 63
==55775==    at 0x4848899: malloc (in /usr/libexec/valgrind/vgpreload_memcheck-amd64-linux.so)
==55775==    by 0x48C5E87: _XConnectXCB (in /usr/lib/x86_64-linux-gnu/libX11.so.6.4.0)
==55775==    by 0x48B5B68: XOpenDisplay (in /usr/lib/x86_64-linux-gnu/libX11.so.6.4.0)
==55775==    by 0x409437: mlx_init (in /home/mgavorni/Student/cub3d/cub3d)
==55775==    by 0x403D62: init_mlx (main.c:458)
==55775==    by 0x403EF0: main (main.c:633)
==55775== 
==55775== 52 bytes in 1 blocks are still reachable in loss record 22 of 63
==55775==    at 0x4848899: malloc (in /usr/libexec/valgrind/vgpreload_memcheck-amd64-linux.so)
==55775==    by 0x403C00: protected_malloc (main.c:426)
==55775==    by 0x403CBB: init_game_data (main.c:442)
==55775==    by 0x403EA5: main (main.c:627)
==55775== 
==55775== 64 bytes in 1 blocks are still reachable in loss record 23 of 63
==55775==    at 0x4848899: malloc (in /usr/libexec/valgrind/vgpreload_memcheck-amd64-linux.so)
==55775==    by 0x407B81: ft_calloc (ft_calloc.c:23)
==55775==    by 0x40610A: init_values (draw_column.c:83)
==55775==    by 0x403CC8: init_game_data (main.c:443)
==55775==    by 0x403EA5: main (main.c:627)
==55775== 
==55775== 72 bytes in 1 blocks are still reachable in loss record 24 of 63
==55775==    at 0x484DA83: calloc (in /usr/libexec/valgrind/vgpreload_memcheck-amd64-linux.so)
==55775==    by 0x48B5F20: XOpenDisplay (in /usr/lib/x86_64-linux-gnu/libX11.so.6.4.0)
==55775==    by 0x409437: mlx_init (in /home/mgavorni/Student/cub3d/cub3d)
==55775==    by 0x403D62: init_mlx (main.c:458)
==55775==    by 0x403EF0: main (main.c:633)
==55775== 
==55775== 88 bytes in 1 blocks are still reachable in loss record 25 of 63
==55775==    at 0x4848899: malloc (in /usr/libexec/valgrind/vgpreload_memcheck-amd64-linux.so)
==55775==    by 0x4055AC: store_map (map_store.c:39)
==55775==    by 0x403FF5: parse_cub_file (main.c:343)
==55775==    by 0x403ECE: main (main.c:630)
==55775== 
==55775== 88 bytes in 1 blocks are still reachable in loss record 26 of 63
==55775==    at 0x484DA83: calloc (in /usr/libexec/valgrind/vgpreload_memcheck-amd64-linux.so)
==55775==    by 0x409BEB: mlx_int_new_xshm_image (in /home/mgavorni/Student/cub3d/cub3d)
==55775==    by 0x409F12: mlx_new_image (in /home/mgavorni/Student/cub3d/cub3d)
==55775==    by 0x403DAD: init_mlx (main.c:460)
==55775==    by 0x403EF0: main (main.c:633)
==55775== 
==55775== 88 bytes in 1 blocks are still reachable in loss record 27 of 63
==55775==    at 0x484DA83: calloc (in /usr/libexec/valgrind/vgpreload_memcheck-amd64-linux.so)
==55775==    by 0x409BEB: mlx_int_new_xshm_image (in /home/mgavorni/Student/cub3d/cub3d)
==55775==    by 0x409F12: mlx_new_image (in /home/mgavorni/Student/cub3d/cub3d)
==55775==    by 0x40A8A7: mlx_int_parse_xpm (in /home/mgavorni/Student/cub3d/cub3d)
==55775==    by 0x40ACE1: mlx_xpm_file_to_image (in /home/mgavorni/Student/cub3d/cub3d)
==55775==    by 0x403710: load_textures (main.c:300)
==55775==    by 0x403F12: main (main.c:636)
==55775== 
==55775== 88 bytes in 1 blocks are still reachable in loss record 28 of 63
==55775==    at 0x484DA83: calloc (in /usr/libexec/valgrind/vgpreload_memcheck-amd64-linux.so)
==55775==    by 0x409BEB: mlx_int_new_xshm_image (in /home/mgavorni/Student/cub3d/cub3d)
==55775==    by 0x409F12: mlx_new_image (in /home/mgavorni/Student/cub3d/cub3d)
==55775==    by 0x40A8A7: mlx_int_parse_xpm (in /home/mgavorni/Student/cub3d/cub3d)
==55775==    by 0x40ACE1: mlx_xpm_file_to_image (in /home/mgavorni/Student/cub3d/cub3d)
==55775==    by 0x40376E: load_textures (main.c:306)
==55775==    by 0x403F12: main (main.c:636)
==55775== 
==55775== 88 bytes in 1 blocks are still reachable in loss record 29 of 63
==55775==    at 0x484DA83: calloc (in /usr/libexec/valgrind/vgpreload_memcheck-amd64-linux.so)
==55775==    by 0x409BEB: mlx_int_new_xshm_image (in /home/mgavorni/Student/cub3d/cub3d)
==55775==    by 0x409F12: mlx_new_image (in /home/mgavorni/Student/cub3d/cub3d)
==55775==    by 0x40A8A7: mlx_int_parse_xpm (in /home/mgavorni/Student/cub3d/cub3d)
==55775==    by 0x40ACE1: mlx_xpm_file_to_image (in /home/mgavorni/Student/cub3d/cub3d)
==55775==    by 0x4037D6: load_textures (main.c:312)
==55775==    by 0x403F12: main (main.c:636)
==55775== 
==55775== 88 bytes in 1 blocks are still reachable in loss record 30 of 63
==55775==    at 0x484DA83: calloc (in /usr/libexec/valgrind/vgpreload_memcheck-amd64-linux.so)
==55775==    by 0x409BEB: mlx_int_new_xshm_image (in /home/mgavorni/Student/cub3d/cub3d)
==55775==    by 0x409F12: mlx_new_image (in /home/mgavorni/Student/cub3d/cub3d)
==55775==    by 0x40A8A7: mlx_int_parse_xpm (in /home/mgavorni/Student/cub3d/cub3d)
==55775==    by 0x40ACE1: mlx_xpm_file_to_image (in /home/mgavorni/Student/cub3d/cub3d)
==55775==    by 0x40384A: load_textures (main.c:318)
==55775==    by 0x403F12: main (main.c:636)
==55775== 
==55775== 112 bytes in 1 blocks are still reachable in loss record 31 of 63
==55775==    at 0x484DA83: calloc (in /usr/libexec/valgrind/vgpreload_memcheck-amd64-linux.so)
==55775==    by 0x48C5D72: _XConnectXCB (in /usr/lib/x86_64-linux-gnu/libX11.so.6.4.0)
==55775==    by 0x48B5B68: XOpenDisplay (in /usr/lib/x86_64-linux-gnu/libX11.so.6.4.0)
==55775==    by 0x409437: mlx_init (in /home/mgavorni/Student/cub3d/cub3d)
==55775==    by 0x403D62: init_mlx (main.c:458)
==55775==    by 0x403EF0: main (main.c:633)
==55775== 
==55775== 112 bytes in 1 blocks are still reachable in loss record 32 of 63
==55775==    at 0x484DA83: calloc (in /usr/libexec/valgrind/vgpreload_memcheck-amd64-linux.so)
==55775==    by 0x48B6200: XOpenDisplay (in /usr/lib/x86_64-linux-gnu/libX11.so.6.4.0)
==55775==    by 0x409437: mlx_init (in /home/mgavorni/Student/cub3d/cub3d)
==55775==    by 0x403D62: init_mlx (main.c:458)
==55775==    by 0x403EF0: main (main.c:633)
==55775== 
==55775== 116 bytes in 4 blocks are still reachable in loss record 33 of 63
==55775==    at 0x4848899: malloc (in /usr/libexec/valgrind/vgpreload_memcheck-amd64-linux.so)
==55775==    by 0x4080A2: ft_strdup (ft_strdup.c:21)
==55775==    by 0x404885: parse_texture_line (textures.c:33)
==55775==    by 0x40421D: parse_data_line (cub_data.c:34)
==55775==    by 0x404372: parse_cub_line (cub_data.c:49)
==55775==    by 0x40427E: parse_cub_data (cub_data.c:76)
==55775==    by 0x403FB3: parse_cub_file (main.c:337)
==55775==    by 0x403ECE: main (main.c:630)
==55775== 
==55775== 128 bytes in 1 blocks are still reachable in loss record 34 of 63
==55775==    at 0x484DA83: calloc (in /usr/libexec/valgrind/vgpreload_memcheck-amd64-linux.so)
==55775==    by 0x48B612E: XOpenDisplay (in /usr/lib/x86_64-linux-gnu/libX11.so.6.4.0)
==55775==    by 0x409437: mlx_init (in /home/mgavorni/Student/cub3d/cub3d)
==55775==    by 0x403D62: init_mlx (main.c:458)
==55775==    by 0x403EF0: main (main.c:633)
==55775== 
==55775== 128 bytes in 1 blocks are still reachable in loss record 35 of 63
==55775==    at 0x484DA83: calloc (in /usr/libexec/valgrind/vgpreload_memcheck-amd64-linux.so)
==55775==    by 0x48B299E: XInitExtension (in /usr/lib/x86_64-linux-gnu/libX11.so.6.4.0)
==55775==    by 0x491C213: XkbUseExtension (in /usr/lib/x86_64-linux-gnu/libX11.so.6.4.0)
==55775==    by 0x48B66A8: XOpenDisplay (in /usr/lib/x86_64-linux-gnu/libX11.so.6.4.0)
==55775==    by 0x409437: mlx_init (in /home/mgavorni/Student/cub3d/cub3d)
==55775==    by 0x403D62: init_mlx (main.c:458)
==55775==    by 0x403EF0: main (main.c:633)
==55775== 
==55775== 128 bytes in 1 blocks are still reachable in loss record 36 of 63
==55775==    at 0x484DA83: calloc (in /usr/libexec/valgrind/vgpreload_memcheck-amd64-linux.so)
==55775==    by 0x48B299E: XInitExtension (in /usr/lib/x86_64-linux-gnu/libX11.so.6.4.0)
==55775==    by 0x4877820: XextAddDisplay (in /usr/lib/x86_64-linux-gnu/libXext.so.6.4.0)
==55775==    by 0x487C9E2: XShmQueryVersion (in /usr/lib/x86_64-linux-gnu/libXext.so.6.4.0)
==55775==    by 0x409273: mlx_int_deal_shm (in /home/mgavorni/Student/cub3d/cub3d)
==55775==    by 0x4094F1: mlx_init (in /home/mgavorni/Student/cub3d/cub3d)
==55775==    by 0x403D62: init_mlx (main.c:458)
==55775==    by 0x403EF0: main (main.c:633)
==55775== 
==55775== 128 bytes in 1 blocks are still reachable in loss record 37 of 63
==55775==    at 0x484DA83: calloc (in /usr/libexec/valgrind/vgpreload_memcheck-amd64-linux.so)
==55775==    by 0x48B299E: XInitExtension (in /usr/lib/x86_64-linux-gnu/libX11.so.6.4.0)
==55775==    by 0x4877820: XextAddDisplay (in /usr/lib/x86_64-linux-gnu/libXext.so.6.4.0)
==55775==    by 0x487750A: ??? (in /usr/lib/x86_64-linux-gnu/libXext.so.6.4.0)
==55775==    by 0x48779C8: XextAddDisplay (in /usr/lib/x86_64-linux-gnu/libXext.so.6.4.0)
==55775==    by 0x487C9E2: XShmQueryVersion (in /usr/lib/x86_64-linux-gnu/libXext.so.6.4.0)
==55775==    by 0x409273: mlx_int_deal_shm (in /home/mgavorni/Student/cub3d/cub3d)
==55775==    by 0x4094F1: mlx_init (in /home/mgavorni/Student/cub3d/cub3d)
==55775==    by 0x403D62: init_mlx (main.c:458)
==55775==    by 0x403EF0: main (main.c:633)
==55775== 
==55775== 136 bytes in 1 blocks are still reachable in loss record 38 of 63
==55775==    at 0x4848899: malloc (in /usr/libexec/valgrind/vgpreload_memcheck-amd64-linux.so)
==55775==    by 0x40941F: mlx_init (in /home/mgavorni/Student/cub3d/cub3d)
==55775==    by 0x403D62: init_mlx (main.c:458)
==55775==    by 0x403EF0: main (main.c:633)
==55775== 
==55775== 136 bytes in 1 blocks are still reachable in loss record 39 of 63
==55775==    at 0x484DA83: calloc (in /usr/libexec/valgrind/vgpreload_memcheck-amd64-linux.so)
==55775==    by 0x48760C3: XShmCreateImage (in /usr/lib/x86_64-linux-gnu/libXext.so.6.4.0)
==55775==    by 0x409C16: mlx_int_new_xshm_image (in /home/mgavorni/Student/cub3d/cub3d)
==55775==    by 0x409F12: mlx_new_image (in /home/mgavorni/Student/cub3d/cub3d)
==55775==    by 0x403DAD: init_mlx (main.c:460)
==55775==    by 0x403EF0: main (main.c:633)
==55775== 
==55775== 136 bytes in 1 blocks are still reachable in loss record 40 of 63
==55775==    at 0x484DA83: calloc (in /usr/libexec/valgrind/vgpreload_memcheck-amd64-linux.so)
==55775==    by 0x48760C3: XShmCreateImage (in /usr/lib/x86_64-linux-gnu/libXext.so.6.4.0)
==55775==    by 0x409C16: mlx_int_new_xshm_image (in /home/mgavorni/Student/cub3d/cub3d)
==55775==    by 0x409F12: mlx_new_image (in /home/mgavorni/Student/cub3d/cub3d)
==55775==    by 0x40A8A7: mlx_int_parse_xpm (in /home/mgavorni/Student/cub3d/cub3d)
==55775==    by 0x40ACE1: mlx_xpm_file_to_image (in /home/mgavorni/Student/cub3d/cub3d)
==55775==    by 0x403710: load_textures (main.c:300)
==55775==    by 0x403F12: main (main.c:636)
==55775== 
==55775== 136 bytes in 1 blocks are still reachable in loss record 41 of 63
==55775==    at 0x484DA83: calloc (in /usr/libexec/valgrind/vgpreload_memcheck-amd64-linux.so)
==55775==    by 0x48760C3: XShmCreateImage (in /usr/lib/x86_64-linux-gnu/libXext.so.6.4.0)
==55775==    by 0x409C16: mlx_int_new_xshm_image (in /home/mgavorni/Student/cub3d/cub3d)
==55775==    by 0x409F12: mlx_new_image (in /home/mgavorni/Student/cub3d/cub3d)
==55775==    by 0x40A8A7: mlx_int_parse_xpm (in /home/mgavorni/Student/cub3d/cub3d)
==55775==    by 0x40ACE1: mlx_xpm_file_to_image (in /home/mgavorni/Student/cub3d/cub3d)
==55775==    by 0x40376E: load_textures (main.c:306)
==55775==    by 0x403F12: main (main.c:636)
==55775== 
==55775== 136 bytes in 1 blocks are still reachable in loss record 42 of 63
==55775==    at 0x484DA83: calloc (in /usr/libexec/valgrind/vgpreload_memcheck-amd64-linux.so)
==55775==    by 0x48760C3: XShmCreateImage (in /usr/lib/x86_64-linux-gnu/libXext.so.6.4.0)
==55775==    by 0x409C16: mlx_int_new_xshm_image (in /home/mgavorni/Student/cub3d/cub3d)
==55775==    by 0x409F12: mlx_new_image (in /home/mgavorni/Student/cub3d/cub3d)
==55775==    by 0x40A8A7: mlx_int_parse_xpm (in /home/mgavorni/Student/cub3d/cub3d)
==55775==    by 0x40ACE1: mlx_xpm_file_to_image (in /home/mgavorni/Student/cub3d/cub3d)
==55775==    by 0x4037D6: load_textures (main.c:312)
==55775==    by 0x403F12: main (main.c:636)
==55775== 
==55775== 136 bytes in 1 blocks are still reachable in loss record 43 of 63
==55775==    at 0x484DA83: calloc (in /usr/libexec/valgrind/vgpreload_memcheck-amd64-linux.so)
==55775==    by 0x48760C3: XShmCreateImage (in /usr/lib/x86_64-linux-gnu/libXext.so.6.4.0)
==55775==    by 0x409C16: mlx_int_new_xshm_image (in /home/mgavorni/Student/cub3d/cub3d)
==55775==    by 0x409F12: mlx_new_image (in /home/mgavorni/Student/cub3d/cub3d)
==55775==    by 0x40A8A7: mlx_int_parse_xpm (in /home/mgavorni/Student/cub3d/cub3d)
==55775==    by 0x40ACE1: mlx_xpm_file_to_image (in /home/mgavorni/Student/cub3d/cub3d)
==55775==    by 0x40384A: load_textures (main.c:318)
==55775==    by 0x403F12: main (main.c:636)
==55775== 
==55775== 149 bytes in 1 blocks are still reachable in loss record 44 of 63
==55775==    at 0x4848899: malloc (in /usr/libexec/valgrind/vgpreload_memcheck-amd64-linux.so)
==55775==    by 0x48B6710: XOpenDisplay (in /usr/lib/x86_64-linux-gnu/libX11.so.6.4.0)
==55775==    by 0x409437: mlx_init (in /home/mgavorni/Student/cub3d/cub3d)
==55775==    by 0x403D62: init_mlx (main.c:458)
==55775==    by 0x403EF0: main (main.c:633)
==55775== 
==55775== 152 bytes in 1 blocks are still reachable in loss record 45 of 63
==55775==    at 0x484DA83: calloc (in /usr/libexec/valgrind/vgpreload_memcheck-amd64-linux.so)
==55775==    by 0x491C40E: XkbUseExtension (in /usr/lib/x86_64-linux-gnu/libX11.so.6.4.0)
==55775==    by 0x48B66A8: XOpenDisplay (in /usr/lib/x86_64-linux-gnu/libX11.so.6.4.0)
==55775==    by 0x409437: mlx_init (in /home/mgavorni/Student/cub3d/cub3d)
==55775==    by 0x403D62: init_mlx (main.c:458)
==55775==    by 0x403EF0: main (main.c:633)
==55775== 
==55775== 160 bytes in 1 blocks are still reachable in loss record 46 of 63
==55775==    at 0x4848899: malloc (in /usr/libexec/valgrind/vgpreload_memcheck-amd64-linux.so)
==55775==    by 0x48A49EF: XCreateGC (in /usr/lib/x86_64-linux-gnu/libX11.so.6.4.0)
==55775==    by 0x48B65A4: XOpenDisplay (in /usr/lib/x86_64-linux-gnu/libX11.so.6.4.0)
==55775==    by 0x409437: mlx_init (in /home/mgavorni/Student/cub3d/cub3d)
==55775==    by 0x403D62: init_mlx (main.c:458)
==55775==    by 0x403EF0: main (main.c:633)
==55775== 
==55775== 160 bytes in 1 blocks are still reachable in loss record 47 of 63
==55775==    at 0x4848899: malloc (in /usr/libexec/valgrind/vgpreload_memcheck-amd64-linux.so)
==55775==    by 0x48A49EF: XCreateGC (in /usr/lib/x86_64-linux-gnu/libX11.so.6.4.0)
==55775==    by 0x409698: mlx_new_window (in /home/mgavorni/Student/cub3d/cub3d)
==55775==    by 0x403D8C: init_mlx (main.c:459)
==55775==    by 0x403EF0: main (main.c:633)
==55775== 
==55775== 162 bytes in 10 blocks are still reachable in loss record 48 of 63
==55775==    at 0x4848899: malloc (in /usr/libexec/valgrind/vgpreload_memcheck-amd64-linux.so)
==55775==    by 0x4080A2: ft_strdup (ft_strdup.c:21)
==55775==    by 0x405623: store_map (map_store.c:46)
==55775==    by 0x403FF5: parse_cub_file (main.c:343)
==55775==    by 0x403ECE: main (main.c:630)
==55775== 
==55775== 168 bytes in 1 blocks are still reachable in loss record 49 of 63
==55775==    at 0x484DA83: calloc (in /usr/libexec/valgrind/vgpreload_memcheck-amd64-linux.so)
==55775==    by 0x48B60B2: XOpenDisplay (in /usr/lib/x86_64-linux-gnu/libX11.so.6.4.0)
==55775==    by 0x409437: mlx_init (in /home/mgavorni/Student/cub3d/cub3d)
==55775==    by 0x403D62: init_mlx (main.c:458)
==55775==    by 0x403EF0: main (main.c:633)
==55775== 
==55775== 208 bytes in 1 blocks are still reachable in loss record 50 of 63
==55775==    at 0x4848899: malloc (in /usr/libexec/valgrind/vgpreload_memcheck-amd64-linux.so)
==55775==    by 0x4875AE9: ??? (in /usr/lib/x86_64-linux-gnu/libXext.so.6.4.0)
==55775==    by 0x48779DF: XextAddDisplay (in /usr/lib/x86_64-linux-gnu/libXext.so.6.4.0)
==55775==    by 0x487C9E2: XShmQueryVersion (in /usr/lib/x86_64-linux-gnu/libXext.so.6.4.0)
==55775==    by 0x409273: mlx_int_deal_shm (in /home/mgavorni/Student/cub3d/cub3d)
==55775==    by 0x4094F1: mlx_init (in /home/mgavorni/Student/cub3d/cub3d)
==55775==    by 0x403D62: init_mlx (main.c:458)
==55775==    by 0x403EF0: main (main.c:633)
==55775== 
==55775== 208 bytes in 1 blocks are still reachable in loss record 51 of 63
==55775==    at 0x4848899: malloc (in /usr/libexec/valgrind/vgpreload_memcheck-amd64-linux.so)
==55775==    by 0x48C7FAE: _XEnq (in /usr/lib/x86_64-linux-gnu/libX11.so.6.4.0)
==55775==    by 0x48CABB6: ??? (in /usr/lib/x86_64-linux-gnu/libX11.so.6.4.0)
==55775==    by 0x48CBEC0: _XReadEvents (in /usr/lib/x86_64-linux-gnu/libX11.so.6.4.0)
==55775==    by 0x48CC205: XWindowEvent (in /usr/lib/x86_64-linux-gnu/libX11.so.6.4.0)
==55775==    by 0x4099C5: mlx_int_wait_first_expose (in /home/mgavorni/Student/cub3d/cub3d)
==55775==    by 0x4096D8: mlx_new_window (in /home/mgavorni/Student/cub3d/cub3d)
==55775==    by 0x403D8C: init_mlx (main.c:459)
==55775==    by 0x403EF0: main (main.c:633)
==55775== 
==55775== 304 bytes in 1 blocks are still reachable in loss record 52 of 63
==55775==    at 0x4848899: malloc (in /usr/libexec/valgrind/vgpreload_memcheck-amd64-linux.so)
==55775==    by 0x403E6F: main (main.c:623)
==55775== 
==55775== 512 bytes in 1 blocks are still reachable in loss record 53 of 63
==55775==    at 0x484DA83: calloc (in /usr/libexec/valgrind/vgpreload_memcheck-amd64-linux.so)
==55775==    by 0x48B146A: ??? (in /usr/lib/x86_64-linux-gnu/libX11.so.6.4.0)
==55775==    by 0x48B184E: XInternAtom (in /usr/lib/x86_64-linux-gnu/libX11.so.6.4.0)
==55775==    by 0x4094CB: mlx_init (in /home/mgavorni/Student/cub3d/cub3d)
==55775==    by 0x403D62: init_mlx (main.c:458)
==55775==    by 0x403EF0: main (main.c:633)
==55775== 
==55775== 832 bytes in 4 blocks are still reachable in loss record 54 of 63
==55775==    at 0x4848899: malloc (in /usr/libexec/valgrind/vgpreload_memcheck-amd64-linux.so)
==55775==    by 0x48C7FAE: _XEnq (in /usr/lib/x86_64-linux-gnu/libX11.so.6.4.0)
==55775==    by 0x48CABB6: ??? (in /usr/lib/x86_64-linux-gnu/libX11.so.6.4.0)
==55775==    by 0x48CBF01: _XReadEvents (in /usr/lib/x86_64-linux-gnu/libX11.so.6.4.0)
==55775==    by 0x48CC205: XWindowEvent (in /usr/lib/x86_64-linux-gnu/libX11.so.6.4.0)
==55775==    by 0x4099C5: mlx_int_wait_first_expose (in /home/mgavorni/Student/cub3d/cub3d)
==55775==    by 0x4096D8: mlx_new_window (in /home/mgavorni/Student/cub3d/cub3d)
==55775==    by 0x403D8C: init_mlx (main.c:459)
==55775==    by 0x403EF0: main (main.c:633)
==55775== 
==55775== 832 bytes in 4 blocks are still reachable in loss record 55 of 63
==55775==    at 0x4848899: malloc (in /usr/libexec/valgrind/vgpreload_memcheck-amd64-linux.so)
==55775==    by 0x48C7FAE: _XEnq (in /usr/lib/x86_64-linux-gnu/libX11.so.6.4.0)
==55775==    by 0x48CABB6: ??? (in /usr/lib/x86_64-linux-gnu/libX11.so.6.4.0)
==55775==    by 0x48CC40C: _XReply (in /usr/lib/x86_64-linux-gnu/libX11.so.6.4.0)
==55775==    by 0x48CC77E: XSync (in /usr/lib/x86_64-linux-gnu/libX11.so.6.4.0)
==55775==    by 0x409CD7: mlx_int_new_xshm_image (in /home/mgavorni/Student/cub3d/cub3d)
==55775==    by 0x409F12: mlx_new_image (in /home/mgavorni/Student/cub3d/cub3d)
==55775==    by 0x403DAD: init_mlx (main.c:460)
==55775==    by 0x403EF0: main (main.c:633)
==55775== 
==55775== 936 bytes in 1 blocks are still reachable in loss record 56 of 63
==55775==    at 0x4848899: malloc (in /usr/libexec/valgrind/vgpreload_memcheck-amd64-linux.so)
==55775==    by 0x4095F1: mlx_new_window (in /home/mgavorni/Student/cub3d/cub3d)
==55775==    by 0x403D8C: init_mlx (main.c:459)
==55775==    by 0x403EF0: main (main.c:633)
==55775== 
==55775== 1,248 bytes in 6 blocks are still reachable in loss record 57 of 63
==55775==    at 0x4848899: malloc (in /usr/libexec/valgrind/vgpreload_memcheck-amd64-linux.so)
==55775==    by 0x48C7FAE: _XEnq (in /usr/lib/x86_64-linux-gnu/libX11.so.6.4.0)
==55775==    by 0x48CABB6: ??? (in /usr/lib/x86_64-linux-gnu/libX11.so.6.4.0)
==55775==    by 0x48CBEC0: _XReadEvents (in /usr/lib/x86_64-linux-gnu/libX11.so.6.4.0)
==55775==    by 0x48CC1D0: XWindowEvent (in /usr/lib/x86_64-linux-gnu/libX11.so.6.4.0)
==55775==    by 0x4099C5: mlx_int_wait_first_expose (in /home/mgavorni/Student/cub3d/cub3d)
==55775==    by 0x4096D8: mlx_new_window (in /home/mgavorni/Student/cub3d/cub3d)
==55775==    by 0x403D8C: init_mlx (main.c:459)
==55775==    by 0x403EF0: main (main.c:633)
==55775== 
==55775== 2,704 bytes in 13 blocks are still reachable in loss record 58 of 63
==55775==    at 0x4848899: malloc (in /usr/libexec/valgrind/vgpreload_memcheck-amd64-linux.so)
==55775==    by 0x48C7FAE: _XEnq (in /usr/lib/x86_64-linux-gnu/libX11.so.6.4.0)
==55775==    by 0x48CABB6: ??? (in /usr/lib/x86_64-linux-gnu/libX11.so.6.4.0)
==55775==    by 0x48CBF01: _XReadEvents (in /usr/lib/x86_64-linux-gnu/libX11.so.6.4.0)
==55775==    by 0x48CC1D0: XWindowEvent (in /usr/lib/x86_64-linux-gnu/libX11.so.6.4.0)
==55775==    by 0x4099C5: mlx_int_wait_first_expose (in /home/mgavorni/Student/cub3d/cub3d)
==55775==    by 0x4096D8: mlx_new_window (in /home/mgavorni/Student/cub3d/cub3d)
==55775==    by 0x403D8C: init_mlx (main.c:459)
==55775==    by 0x403EF0: main (main.c:633)
==55775== 
==55775== 4,704 bytes in 1 blocks are still reachable in loss record 59 of 63
==55775==    at 0x484DA83: calloc (in /usr/libexec/valgrind/vgpreload_memcheck-amd64-linux.so)
==55775==    by 0x48B5B31: XOpenDisplay (in /usr/lib/x86_64-linux-gnu/libX11.so.6.4.0)
==55775==    by 0x409437: mlx_init (in /home/mgavorni/Student/cub3d/cub3d)
==55775==    by 0x403D62: init_mlx (main.c:458)
==55775==    by 0x403EF0: main (main.c:633)
==55775== 
==55775== 14,612 bytes in 1 blocks are still reachable in loss record 60 of 63
==55775==    at 0x484DCD3: realloc (in /usr/libexec/valgrind/vgpreload_memcheck-amd64-linux.so)
==55775==    by 0x4D034FB: xcb_connect_to_fd (in /usr/lib/x86_64-linux-gnu/libxcb.so.1.1.0)
==55775==    by 0x4D03E6B: xcb_connect_to_display_with_auth_info (in /usr/lib/x86_64-linux-gnu/libxcb.so.1.1.0)
==55775==    by 0x48C5EE9: _XConnectXCB (in /usr/lib/x86_64-linux-gnu/libX11.so.6.4.0)
==55775==    by 0x48B5B68: XOpenDisplay (in /usr/lib/x86_64-linux-gnu/libX11.so.6.4.0)
==55775==    by 0x409437: mlx_init (in /home/mgavorni/Student/cub3d/cub3d)
==55775==    by 0x403D62: init_mlx (main.c:458)
==55775==    by 0x403EF0: main (main.c:633)
==55775== 
==55775== 16,384 bytes in 1 blocks are still reachable in loss record 61 of 63
==55775==    at 0x484DA83: calloc (in /usr/libexec/valgrind/vgpreload_memcheck-amd64-linux.so)
==55775==    by 0x48B5EBE: XOpenDisplay (in /usr/lib/x86_64-linux-gnu/libX11.so.6.4.0)
==55775==    by 0x409437: mlx_init (in /home/mgavorni/Student/cub3d/cub3d)
==55775==    by 0x403D62: init_mlx (main.c:458)
==55775==    by 0x403EF0: main (main.c:633)
==55775== 
==55775== 21,168 bytes in 1 blocks are still reachable in loss record 62 of 63
==55775==    at 0x484DA83: calloc (in /usr/libexec/valgrind/vgpreload_memcheck-amd64-linux.so)
==55775==    by 0x4D03204: xcb_connect_to_fd (in /usr/lib/x86_64-linux-gnu/libxcb.so.1.1.0)
==55775==    by 0x4D03E6B: xcb_connect_to_display_with_auth_info (in /usr/lib/x86_64-linux-gnu/libxcb.so.1.1.0)
==55775==    by 0x48C5EE9: _XConnectXCB (in /usr/lib/x86_64-linux-gnu/libX11.so.6.4.0)
==55775==    by 0x48B5B68: XOpenDisplay (in /usr/lib/x86_64-linux-gnu/libX11.so.6.4.0)
==55775==    by 0x409437: mlx_init (in /home/mgavorni/Student/cub3d/cub3d)
==55775==    by 0x403D62: init_mlx (main.c:458)
==55775==    by 0x403EF0: main (main.c:633)
==55775== 
==55775== 33,600 bytes in 2 blocks are still reachable in loss record 63 of 63
==55775==    at 0x484DA83: calloc (in /usr/libexec/valgrind/vgpreload_memcheck-amd64-linux.so)
==55775==    by 0x48B6290: XOpenDisplay (in /usr/lib/x86_64-linux-gnu/libX11.so.6.4.0)
==55775==    by 0x409437: mlx_init (in /home/mgavorni/Student/cub3d/cub3d)
==55775==    by 0x403D62: init_mlx (main.c:458)
==55775==    by 0x403EF0: main (main.c:633)
==55775== 
==55775== LEAK SUMMARY:
==55775==    definitely lost: 0 bytes in 0 blocks
==55775==    indirectly lost: 0 bytes in 0 blocks
==55775==      possibly lost: 0 bytes in 0 blocks
==55775==    still reachable: 102,111 bytes in 99 blocks
==55775==         suppressed: 0 bytes in 0 blocks
==55775== 
==55775== For lists of detected and suppressed errors, rerun with: -s
==55775== ERROR SUMMARY: 1 errors from 1 contexts (suppressed: 0 from 0)
